<?xml version="1.0" encoding="UTF-8"?>
<!-- Generated by org.testng.reporters.JUnitXMLReporter -->
<testsuite ignored="0" hostname="florin-PC" failures="0" tests="4" name="Default test" time="0.102" errors="0" timestamp="2023-05-16T21:33:53 EEST">
  <testcase classname="curs1.TestExample" name="runMultipleTimes" time="0.008"/>
  <testcase classname="curs1.TestExample" name="runMultipleTimes" time="0.002"/>
  <testcase classname="curs1.TestExample" name="runMultipleTimes" time="0.002"/>
  <testcase classname="curs1.TestExample" name="runMultipleTimes" time="0.002"/>
</testsuite> <!-- Default test -->
