<?xml version="1.0" encoding="UTF-8"?>
<testng-results ignored="0" total="4" passed="4" failed="0" skipped="0">
  <reporter-output>
  </reporter-output>
  <suite started-at="2023-05-16T21:33:53 EEST" name="Default suite" finished-at="2023-05-16T21:33:53 EEST" duration-ms="102">
    <groups>
    </groups>
    <test started-at="2023-05-16T21:33:53 EEST" name="Default test" finished-at="2023-05-16T21:33:53 EEST" duration-ms="102">
      <class name="curs1.TestExample">
        <test-method is-config="true" signature="setup()[pri:0, instance:curs1.TestExample@25fb8912]" started-at="2023-05-16T21:33:53 EEST" name="setup" finished-at="2023-05-16T21:33:53 EEST" duration-ms="10" status="PASS">
          <reporter-output>
          </reporter-output>
        </test-method> <!-- setup -->
        <test-method signature="runMultipleTimes()[pri:0, instance:curs1.TestExample@25fb8912]" started-at="2023-05-16T21:33:53 EEST" name="runMultipleTimes" finished-at="2023-05-16T21:33:53 EEST" duration-ms="8" status="PASS">
          <reporter-output>
          </reporter-output>
        </test-method> <!-- runMultipleTimes -->
        <test-method signature="runMultipleTimes()[pri:0, instance:curs1.TestExample@25fb8912]" started-at="2023-05-16T21:33:53 EEST" name="runMultipleTimes" finished-at="2023-05-16T21:33:53 EEST" duration-ms="2" status="PASS">
          <reporter-output>
          </reporter-output>
        </test-method> <!-- runMultipleTimes -->
        <test-method signature="runMultipleTimes()[pri:0, instance:curs1.TestExample@25fb8912]" started-at="2023-05-16T21:33:53 EEST" name="runMultipleTimes" finished-at="2023-05-16T21:33:53 EEST" duration-ms="2" status="PASS">
          <reporter-output>
          </reporter-output>
        </test-method> <!-- runMultipleTimes -->
        <test-method signature="runMultipleTimes()[pri:0, instance:curs1.TestExample@25fb8912]" started-at="2023-05-16T21:33:53 EEST" name="runMultipleTimes" finished-at="2023-05-16T21:33:53 EEST" duration-ms="2" status="PASS">
          <reporter-output>
          </reporter-output>
        </test-method> <!-- runMultipleTimes -->
      </class> <!-- curs1.TestExample -->
    </test> <!-- Default test -->
  </suite> <!-- Default suite -->
</testng-results>
